Determining if the pthread_create exist failed with the following output:
Change Dir: /home/abeldavid/Data/ignitarium/projects/robotics/dev_bot_v1/sample_ws/build/CMakeFiles/CMakeTmp

Run Build Command:"/usr/bin/make" "cmTC_ad278/fast"
/usr/bin/make -f CMakeFiles/cmTC_ad278.dir/build.make CMakeFiles/cmTC_ad278.dir/build
make[1]: Entering directory '/home/abeldavid/Data/ignitarium/projects/robotics/dev_bot_v1/sample_ws/build/CMakeFiles/CMakeTmp'
Building C object CMakeFiles/cmTC_ad278.dir/CheckSymbolExists.c.o
/usr/bin/cc     -o CMakeFiles/cmTC_ad278.dir/CheckSymbolExists.c.o   -c /home/abeldavid/Data/ignitarium/projects/robotics/dev_bot_v1/sample_ws/build/CMakeFiles/CMakeTmp/CheckSymbolExists.c
Linking C executable cmTC_ad278
/usr/bin/cmake -E cmake_link_script CMakeFiles/cmTC_ad278.dir/link.txt --verbose=1
/usr/bin/cc       CMakeFiles/cmTC_ad278.dir/CheckSymbolExists.c.o  -o cmTC_ad278 -rdynamic 
CMakeFiles/cmTC_ad278.dir/CheckSymbolExists.c.o: In function `main':
CheckSymbolExists.c:(.text+0x16): undefined reference to `pthread_create'
collect2: error: ld returned 1 exit status
CMakeFiles/cmTC_ad278.dir/build.make:97: recipe for target 'cmTC_ad278' failed
make[1]: *** [cmTC_ad278] Error 1
make[1]: Leaving directory '/home/abeldavid/Data/ignitarium/projects/robotics/dev_bot_v1/sample_ws/build/CMakeFiles/CMakeTmp'
Makefile:126: recipe for target 'cmTC_ad278/fast' failed
make: *** [cmTC_ad278/fast] Error 2

File /home/abeldavid/Data/ignitarium/projects/robotics/dev_bot_v1/sample_ws/build/CMakeFiles/CMakeTmp/CheckSymbolExists.c:
/* */
#include <pthread.h>

int main(int argc, char** argv)
{
  (void)argv;
#ifndef pthread_create
  return ((int*)(&pthread_create))[argc];
#else
  (void)argc;
  return 0;
#endif
}

Determining if the function pthread_create exists in the pthreads failed with the following output:
Change Dir: /home/abeldavid/Data/ignitarium/projects/robotics/dev_bot_v1/sample_ws/build/CMakeFiles/CMakeTmp

Run Build Command:"/usr/bin/make" "cmTC_fe906/fast"
/usr/bin/make -f CMakeFiles/cmTC_fe906.dir/build.make CMakeFiles/cmTC_fe906.dir/build
make[1]: Entering directory '/home/abeldavid/Data/ignitarium/projects/robotics/dev_bot_v1/sample_ws/build/CMakeFiles/CMakeTmp'
Building C object CMakeFiles/cmTC_fe906.dir/CheckFunctionExists.c.o
/usr/bin/cc    -DCHECK_FUNCTION_EXISTS=pthread_create   -o CMakeFiles/cmTC_fe906.dir/CheckFunctionExists.c.o   -c /usr/share/cmake-3.5/Modules/CheckFunctionExists.c
Linking C executable cmTC_fe906
/usr/bin/cmake -E cmake_link_script CMakeFiles/cmTC_fe906.dir/link.txt --verbose=1
/usr/bin/cc   -DCHECK_FUNCTION_EXISTS=pthread_create    CMakeFiles/cmTC_fe906.dir/CheckFunctionExists.c.o  -o cmTC_fe906 -rdynamic -lpthreads 
/usr/bin/ld: cannot find -lpthreads
collect2: error: ld returned 1 exit status
CMakeFiles/cmTC_fe906.dir/build.make:97: recipe for target 'cmTC_fe906' failed
make[1]: *** [cmTC_fe906] Error 1
make[1]: Leaving directory '/home/abeldavid/Data/ignitarium/projects/robotics/dev_bot_v1/sample_ws/build/CMakeFiles/CMakeTmp'
Makefile:126: recipe for target 'cmTC_fe906/fast' failed
make: *** [cmTC_fe906/fast] Error 2


Determining if the Q_WS_WIN exist failed with the following output:
Change Dir: /home/abeldavid/Data/ignitarium/projects/robotics/dev_bot_v1/sample_ws/build/CMakeFiles/CMakeTmp

Run Build Command:"/usr/bin/make" "cmTC_6c9c0/fast"
/usr/bin/make -f CMakeFiles/cmTC_6c9c0.dir/build.make CMakeFiles/cmTC_6c9c0.dir/build
make[1]: Entering directory '/home/abeldavid/Data/ignitarium/projects/robotics/dev_bot_v1/sample_ws/build/CMakeFiles/CMakeTmp'
Building CXX object CMakeFiles/cmTC_6c9c0.dir/CheckSymbolExists.cxx.o
/usr/bin/c++    -I/usr/include/qt4   -o CMakeFiles/cmTC_6c9c0.dir/CheckSymbolExists.cxx.o -c /home/abeldavid/Data/ignitarium/projects/robotics/dev_bot_v1/sample_ws/build/CMakeFiles/CMakeTmp/CheckSymbolExists.cxx
/home/abeldavid/Data/ignitarium/projects/robotics/dev_bot_v1/sample_ws/build/CMakeFiles/CMakeTmp/CheckSymbolExists.cxx: In function ‘int main(int, char**)’:
/home/abeldavid/Data/ignitarium/projects/robotics/dev_bot_v1/sample_ws/build/CMakeFiles/CMakeTmp/CheckSymbolExists.cxx:8:19: error: ‘Q_WS_WIN’ was not declared in this scope
   return ((int*)(&Q_WS_WIN))[argc];
                   ^
CMakeFiles/cmTC_6c9c0.dir/build.make:65: recipe for target 'CMakeFiles/cmTC_6c9c0.dir/CheckSymbolExists.cxx.o' failed
make[1]: *** [CMakeFiles/cmTC_6c9c0.dir/CheckSymbolExists.cxx.o] Error 1
make[1]: Leaving directory '/home/abeldavid/Data/ignitarium/projects/robotics/dev_bot_v1/sample_ws/build/CMakeFiles/CMakeTmp'
Makefile:126: recipe for target 'cmTC_6c9c0/fast' failed
make: *** [cmTC_6c9c0/fast] Error 2

File /home/abeldavid/Data/ignitarium/projects/robotics/dev_bot_v1/sample_ws/build/CMakeFiles/CMakeTmp/CheckSymbolExists.cxx:
/* */
#include <QtCore/qglobal.h>

int main(int argc, char** argv)
{
  (void)argv;
#ifndef Q_WS_WIN
  return ((int*)(&Q_WS_WIN))[argc];
#else
  (void)argc;
  return 0;
#endif
}

Determining if the Q_WS_QWS exist failed with the following output:
Change Dir: /home/abeldavid/Data/ignitarium/projects/robotics/dev_bot_v1/sample_ws/build/CMakeFiles/CMakeTmp

Run Build Command:"/usr/bin/make" "cmTC_9279e/fast"
/usr/bin/make -f CMakeFiles/cmTC_9279e.dir/build.make CMakeFiles/cmTC_9279e.dir/build
make[1]: Entering directory '/home/abeldavid/Data/ignitarium/projects/robotics/dev_bot_v1/sample_ws/build/CMakeFiles/CMakeTmp'
Building CXX object CMakeFiles/cmTC_9279e.dir/CheckSymbolExists.cxx.o
/usr/bin/c++    -I/usr/include/qt4   -o CMakeFiles/cmTC_9279e.dir/CheckSymbolExists.cxx.o -c /home/abeldavid/Data/ignitarium/projects/robotics/dev_bot_v1/sample_ws/build/CMakeFiles/CMakeTmp/CheckSymbolExists.cxx
/home/abeldavid/Data/ignitarium/projects/robotics/dev_bot_v1/sample_ws/build/CMakeFiles/CMakeTmp/CheckSymbolExists.cxx: In function ‘int main(int, char**)’:
/home/abeldavid/Data/ignitarium/projects/robotics/dev_bot_v1/sample_ws/build/CMakeFiles/CMakeTmp/CheckSymbolExists.cxx:8:19: error: ‘Q_WS_QWS’ was not declared in this scope
   return ((int*)(&Q_WS_QWS))[argc];
                   ^
CMakeFiles/cmTC_9279e.dir/build.make:65: recipe for target 'CMakeFiles/cmTC_9279e.dir/CheckSymbolExists.cxx.o' failed
make[1]: *** [CMakeFiles/cmTC_9279e.dir/CheckSymbolExists.cxx.o] Error 1
make[1]: Leaving directory '/home/abeldavid/Data/ignitarium/projects/robotics/dev_bot_v1/sample_ws/build/CMakeFiles/CMakeTmp'
Makefile:126: recipe for target 'cmTC_9279e/fast' failed
make: *** [cmTC_9279e/fast] Error 2

File /home/abeldavid/Data/ignitarium/projects/robotics/dev_bot_v1/sample_ws/build/CMakeFiles/CMakeTmp/CheckSymbolExists.cxx:
/* */
#include <QtCore/qglobal.h>

int main(int argc, char** argv)
{
  (void)argv;
#ifndef Q_WS_QWS
  return ((int*)(&Q_WS_QWS))[argc];
#else
  (void)argc;
  return 0;
#endif
}

Determining if the Q_WS_MAC exist failed with the following output:
Change Dir: /home/abeldavid/Data/ignitarium/projects/robotics/dev_bot_v1/sample_ws/build/CMakeFiles/CMakeTmp

Run Build Command:"/usr/bin/make" "cmTC_27266/fast"
/usr/bin/make -f CMakeFiles/cmTC_27266.dir/build.make CMakeFiles/cmTC_27266.dir/build
make[1]: Entering directory '/home/abeldavid/Data/ignitarium/projects/robotics/dev_bot_v1/sample_ws/build/CMakeFiles/CMakeTmp'
Building CXX object CMakeFiles/cmTC_27266.dir/CheckSymbolExists.cxx.o
/usr/bin/c++    -I/usr/include/qt4   -o CMakeFiles/cmTC_27266.dir/CheckSymbolExists.cxx.o -c /home/abeldavid/Data/ignitarium/projects/robotics/dev_bot_v1/sample_ws/build/CMakeFiles/CMakeTmp/CheckSymbolExists.cxx
/home/abeldavid/Data/ignitarium/projects/robotics/dev_bot_v1/sample_ws/build/CMakeFiles/CMakeTmp/CheckSymbolExists.cxx: In function ‘int main(int, char**)’:
/home/abeldavid/Data/ignitarium/projects/robotics/dev_bot_v1/sample_ws/build/CMakeFiles/CMakeTmp/CheckSymbolExists.cxx:8:19: error: ‘Q_WS_MAC’ was not declared in this scope
   return ((int*)(&Q_WS_MAC))[argc];
                   ^
CMakeFiles/cmTC_27266.dir/build.make:65: recipe for target 'CMakeFiles/cmTC_27266.dir/CheckSymbolExists.cxx.o' failed
make[1]: *** [CMakeFiles/cmTC_27266.dir/CheckSymbolExists.cxx.o] Error 1
make[1]: Leaving directory '/home/abeldavid/Data/ignitarium/projects/robotics/dev_bot_v1/sample_ws/build/CMakeFiles/CMakeTmp'
Makefile:126: recipe for target 'cmTC_27266/fast' failed
make: *** [cmTC_27266/fast] Error 2

File /home/abeldavid/Data/ignitarium/projects/robotics/dev_bot_v1/sample_ws/build/CMakeFiles/CMakeTmp/CheckSymbolExists.cxx:
/* */
#include <QtCore/qglobal.h>

int main(int argc, char** argv)
{
  (void)argv;
#ifndef Q_WS_MAC
  return ((int*)(&Q_WS_MAC))[argc];
#else
  (void)argc;
  return 0;
#endif
}

